<?xml version="1.0" encoding="UTF-8"?>
<!-- Generated by org.testng.reporters.JUnitReportReporter -->
<testsuite hostname="sunarctech" name="qaclickacademy.Mavenjava.RESTApiTest" tests="2" failures="0" timestamp="4 Jun 2020 10:58:38 GMT" time="0.048" errors="0">
  <testcase name="deleteTwitter" time="0.047" classname="qaclickacademy.Mavenjava.RESTApiTest"/>
  <testcase name="postJira" time="0.001" classname="qaclickacademy.Mavenjava.RESTApiTest"/>
</testsuite> <!-- qaclickacademy.Mavenjava.RESTApiTest -->
