<?xml version="1.0" encoding="UTF-8"?>
<!-- Generated by org.testng.reporters.JUnitReportReporter -->
<testsuite skipped="0" hostname="sunarctech" name="qaclickacademy.Mavenjava.RESTApiTest" tests="2" failures="0" timestamp="2020-06-08T12:42:24 IST" time="0.003" errors="0">
  <testcase name="postJira" time="0.001" classname="qaclickacademy.Mavenjava.RESTApiTest"/>
  <system-out/>
  <testcase name="deleteTwitter" time="0.002" classname="qaclickacademy.Mavenjava.RESTApiTest"/>
  <system-out/>
</testsuite> <!-- qaclickacademy.Mavenjava.RESTApiTest -->
