<?xml version="1.0" encoding="UTF-8"?>
<!-- Generated by org.testng.reporters.JUnitReportReporter -->
<testsuite skipped="0" hostname="sunarctech" name="qaclickacademy.Mavenjava.AppiumTest" tests="2" failures="0" timestamp="2020-06-08T12:42:24 IST" time="0.001" errors="0">
  <testcase name="NativeApps" time="0.000" classname="qaclickacademy.Mavenjava.AppiumTest"/>
  <system-out/>
  <testcase name="IOSApps" time="0.001" classname="qaclickacademy.Mavenjava.AppiumTest"/>
  <system-out/>
</testsuite> <!-- qaclickacademy.Mavenjava.AppiumTest -->
